<?xml version="1.0" encoding="UTF-8"?>
<!-- Generated by org.testng.reporters.JUnitReportReporter -->
<testsuite skipped="0" hostname="L-5493" name="com.cicd.jenkins.testscripts.Searchgoogle" tests="1" failures="0" timestamp="16 Jul 2020 06:32:51 GMT" time="31.870" errors="0">
  <testcase name="anysearch" time="31.870" classname="com.cicd.jenkins.testscripts.Searchgoogle"/>
</testsuite> <!-- com.cicd.jenkins.testscripts.Searchgoogle -->
