<?xml version="1.0" encoding="UTF-8"?>
<!-- Generated by org.testng.reporters.JUnitReportReporter -->
<testsuite skipped="0" hostname="L-5493" name="com.cicd.jenkins.testscripts.SampleSelTest" tests="3" failures="0" timestamp="16 Jul 2020 07:57:08 GMT" time="61.245" errors="0">
  <testcase name="LaunchBrowser" time="45.576" classname="com.cicd.jenkins.testscripts.SampleSelTest"/>
  <testcase name="Urlhit" time="12.106" classname="com.cicd.jenkins.testscripts.SampleSelTest"/>
  <testcase name="CloseBrowser" time="3.563" classname="com.cicd.jenkins.testscripts.SampleSelTest"/>
</testsuite> <!-- com.cicd.jenkins.testscripts.SampleSelTest -->
