<?xml version="1.0" encoding="UTF-8"?>
<!-- Generated by org.testng.reporters.JUnitReportReporter -->
<testsuite skipped="0" hostname="L-5493" name="com.cicd.jenkins.testscripts.SampleSelTest" tests="3" failures="0" timestamp="16 Jul 2020 08:00:48 GMT" time="19.854" errors="0">
  <testcase name="LaunchBrowser" time="11.866" classname="com.cicd.jenkins.testscripts.SampleSelTest"/>
  <testcase name="Urlhit" time="6.136" classname="com.cicd.jenkins.testscripts.SampleSelTest"/>
  <testcase name="CloseBrowser" time="1.852" classname="com.cicd.jenkins.testscripts.SampleSelTest"/>
</testsuite> <!-- com.cicd.jenkins.testscripts.SampleSelTest -->
