<?xml version="1.0" encoding="UTF-8"?>
<!-- Generated by org.testng.reporters.JUnitReportReporter -->
<testsuite skipped="0" hostname="L-5493" name="com.cicd.jenkins.testscripts.Searchgoogle" tests="1" failures="0" timestamp="16 Jul 2020 08:00:48 GMT" time="30.016" errors="0">
  <testcase name="anysearch" time="30.016" classname="com.cicd.jenkins.testscripts.Searchgoogle"/>
</testsuite> <!-- com.cicd.jenkins.testscripts.Searchgoogle -->
